<?xml version="1.0" encoding="UTF-8"?>
<testsuite xmlns:xsi="http://www.w3.org/2001/XMLSchema-instance" xsi:noNamespaceSchemaLocation="https://maven.apache.org/surefire/maven-surefire-plugin/xsd/surefire-test-report-3.0.xsd" version="3.0" name="io.github.hkwi.iceberg_sr_checker.service.SchemaCheckerServiceTest" time="0.702" tests="3" errors="0" skipped="0" failures="0">
  <properties>
[...]
</properties>
  <testcase name="avroRecordShouldPass" classname="io.github.hkwi.iceberg_sr_checker.service.SchemaCheckerServiceTest" time="0.173"/>
  <testcase name="protobufSimpleMessageShouldPass" classname="io.github.hkwi.iceberg_sr_checker.service.SchemaCheckerServiceTest" time="0.235"/>
  <testcase name="jsonSchemaCombinatorShouldFail" classname="io.github.hkwi.iceberg_sr_checker.service.SchemaCheckerServiceTest" time="0.11"/>
</testsuite>